<?xml version="1.0" encoding="UTF-8"?>
<!-- Generated by org.testng.reporters.JUnitReportReporter -->
<testsuite skipped="0" hostname="DESKTOP-UMTR4MK" name="com.actiTime.jenkinProject.LoginPage" tests="1" failures="0" timestamp="2020-02-24T12:05:05 IST" time="33.528" errors="0">
  <testcase name="openApp" time="33.528" classname="com.actiTime.jenkinProject.LoginPage"/>
</testsuite> <!-- com.actiTime.jenkinProject.LoginPage -->
