<?xml version="1.0" encoding="UTF-8"?>
<!-- Generated by org.testng.reporters.JUnitReportReporter -->
<testsuite skipped="0" hostname="DESKTOP-UMTR4MK" name="com.actiTime.jenkinProject.LoginPage" tests="1" failures="0" timestamp="2020-02-24T15:13:57 IST" time="16.049" errors="0">
  <testcase name="openApp" time="16.049" classname="com.actiTime.jenkinProject.LoginPage"/>
</testsuite> <!-- com.actiTime.jenkinProject.LoginPage -->
